{"C:\\projects\\tests-from-scratch\\packages\\node\\__tests__\\fixtures.ts": {"path":"C:\\projects\\tests-from-scratch\\packages\\node\\__tests__\\fixtures.ts","statementMap":{"0":{"start":{"line":4,"column":13},"end":{"line":4,"column":52}},"1":{"start":{"line":5,"column":13},"end":{"line":5,"column":48}},"2":{"start":{"line":8,"column":13},"end":{"line":8,"column":49}}},"fnMap":{},"branchMap":{},"s":{"0":1,"1":1,"2":1},"f":{},"b":{}}
,"C:\\projects\\tests-from-scratch\\packages\\node\\src\\externalApi.ts": {"path":"C:\\projects\\tests-from-scratch\\packages\\node\\src\\externalApi.ts","statementMap":{"0":{"start":{"line":3,"column":0},"end":{"line":3,"column":7}},"1":{"start":{"line":6,"column":4},"end":{"line":6,"column":48}}},"fnMap":{"0":{"name":"fetchUserData","decl":{"start":{"line":3,"column":22},"end":{"line":3,"column":35}},"loc":{"start":{"line":3,"column":46},"end":{"line":7,"column":1}}}},"branchMap":{},"s":{"0":1,"1":0},"f":{"0":0},"b":{}}
,"C:\\projects\\tests-from-scratch\\packages\\node\\src\\server.ts": {"path":"C:\\projects\\tests-from-scratch\\packages\\node\\src\\server.ts","statementMap":{"0":{"start":{"line":2,"column":0},"end":{"line":2,"column":30}},"1":{"start":{"line":3,"column":0},"end":{"line":3,"column":33}},"2":{"start":{"line":6,"column":13},"end":{"line":6,"column":29}},"3":{"start":{"line":7,"column":0},"end":{"line":7,"column":24}},"4":{"start":{"line":8,"column":0},"end":{"line":8,"column":30}},"5":{"start":{"line":11,"column":0},"end":{"line":16,"column":1}},"6":{"start":{"line":12,"column":17},"end":{"line":12,"column":21}},"7":{"start":{"line":13,"column":4},"end":{"line":15,"column":7}},"8":{"start":{"line":14,"column":8},"end":{"line":14,"column":71}}},"fnMap":{"0":{"name":"(anonymous_1)","decl":{"start":{"line":13,"column":21},"end":{"line":13,"column":24}},"loc":{"start":{"line":13,"column":26},"end":{"line":15,"column":5}}}},"branchMap":{"0":{"loc":{"start":{"line":11,"column":0},"end":{"line":16,"column":1}},"type":"if","locations":[{"start":{"line":11,"column":0},"end":{"line":16,"column":1}}]}},"s":{"0":2,"1":2,"2":2,"3":2,"4":2,"5":2,"6":0,"7":0,"8":0},"f":{"0":0},"b":{"0":[0]}}
,"C:\\projects\\tests-from-scratch\\packages\\node\\src\\users.ts": {"path":"C:\\projects\\tests-from-scratch\\packages\\node\\src\\users.ts","statementMap":{"0":{"start":{"line":3,"column":0},"end":{"line":3,"column":52}},"1":{"start":{"line":4,"column":0},"end":{"line":4,"column":81}},"2":{"start":{"line":7,"column":15},"end":{"line":7,"column":23}},"3":{"start":{"line":13,"column":0},"end":{"line":15,"column":3}},"4":{"start":{"line":14,"column":4},"end":{"line":14,"column":37}},"5":{"start":{"line":22,"column":0},"end":{"line":30,"column":null}},"6":{"start":{"line":23,"column":18},"end":{"line":23,"column":26}},"7":{"start":{"line":24,"column":1},"end":{"line":27,"column":2}},"8":{"start":{"line":25,"column":2},"end":{"line":25,"column":null}},"9":{"start":{"line":26,"column":8},"end":{"line":26,"column":14}},"10":{"start":{"line":28,"column":14},"end":{"line":28,"column":30}},"11":{"start":{"line":29,"column":1},"end":{"line":29,"column":null}},"12":{"start":{"line":33,"column":0},"end":{"line":41,"column":3}},"13":{"start":{"line":34,"column":15},"end":{"line":34,"column":36}},"14":{"start":{"line":35,"column":17},"end":{"line":35,"column":32}},"15":{"start":{"line":36,"column":4},"end":{"line":39,"column":5}},"16":{"start":{"line":37,"column":4},"end":{"line":37,"column":54}},"17":{"start":{"line":38,"column":4},"end":{"line":38,"column":11}},"18":{"start":{"line":40,"column":4},"end":{"line":40,"column":31}},"19":{"start":{"line":44,"column":0},"end":{"line":57,"column":3}},"20":{"start":{"line":45,"column":15},"end":{"line":45,"column":36}},"21":{"start":{"line":46,"column":21},"end":{"line":46,"column":29}},"22":{"start":{"line":47,"column":4},"end":{"line":50,"column":5}},"23":{"start":{"line":48,"column":8},"end":{"line":48,"column":60}},"24":{"start":{"line":49,"column":8},"end":{"line":49,"column":15}},"25":{"start":{"line":51,"column":20},"end":{"line":51,"column":44}},"26":{"start":{"line":52,"column":4},"end":{"line":55,"column":5}},"27":{"start":{"line":53,"column":8},"end":{"line":53,"column":58}},"28":{"start":{"line":54,"column":8},"end":{"line":54,"column":15}},"29":{"start":{"line":56,"column":4},"end":{"line":56,"column":22}},"30":{"start":{"line":59,"column":0},"end":{"line":59,"column":22}}},"fnMap":{"0":{"name":"(anonymous_0)","decl":{"start":{"line":13,"column":16},"end":{"line":13,"column":17}},"loc":{"start":{"line":13,"column":30},"end":{"line":15,"column":1}}},"1":{"name":"(anonymous_1)","decl":{"start":{"line":22,"column":17},"end":{"line":22,"column":18}},"loc":{"start":{"line":22,"column":49},"end":{"line":30,"column":1}}},"2":{"name":"(anonymous_2)","decl":{"start":{"line":33,"column":19},"end":{"line":33,"column":20}},"loc":{"start":{"line":33,"column":32},"end":{"line":41,"column":1}}},"3":{"name":"(anonymous_3)","decl":{"start":{"line":44,"column":19},"end":{"line":44,"column":20}},"loc":{"start":{"line":44,"column":32},"end":{"line":57,"column":1}}}},"branchMap":{"0":{"loc":{"start":{"line":24,"column":1},"end":{"line":27,"column":2}},"type":"if","locations":[{"start":{"line":24,"column":1},"end":{"line":27,"column":2}}]},"1":{"loc":{"start":{"line":36,"column":4},"end":{"line":39,"column":5}},"type":"if","locations":[{"start":{"line":36,"column":4},"end":{"line":39,"column":5}}]},"2":{"loc":{"start":{"line":47,"column":4},"end":{"line":50,"column":5}},"type":"if","locations":[{"start":{"line":47,"column":4},"end":{"line":50,"column":5}}]},"3":{"loc":{"start":{"line":52,"column":4},"end":{"line":55,"column":5}},"type":"if","locations":[{"start":{"line":52,"column":4},"end":{"line":55,"column":5}}]}},"s":{"0":2,"1":2,"2":2,"3":2,"4":2,"5":2,"6":4,"7":4,"8":1,"9":1,"10":3,"11":3,"12":2,"13":3,"14":3,"15":3,"16":1,"17":1,"18":2,"19":2,"20":3,"21":3,"22":3,"23":1,"24":1,"25":2,"26":2,"27":1,"28":1,"29":1,"30":2},"f":{"0":2,"1":4,"2":3,"3":3},"b":{"0":[1],"1":[1],"2":[1],"3":[1]}}
,"C:\\projects\\tests-from-scratch\\packages\\node\\src\\usersStore.ts": {"path":"C:\\projects\\tests-from-scratch\\packages\\node\\src\\usersStore.ts","statementMap":{"0":{"start":{"line":14,"column":0},"end":{"line":14,"column":16}},"1":{"start":{"line":21,"column":0},"end":{"line":21,"column":16}},"2":{"start":{"line":31,"column":0},"end":{"line":31,"column":16}},"3":{"start":{"line":36,"column":0},"end":{"line":36,"column":16}},"4":{"start":{"line":40,"column":0},"end":{"line":40,"column":16}},"5":{"start":{"line":8,"column":20},"end":{"line":8,"column":22}},"6":{"start":{"line":9,"column":13},"end":{"line":9,"column":14}},"7":{"start":{"line":15,"column":4},"end":{"line":15,"column":17}},"8":{"start":{"line":22,"column":17},"end":{"line":22,"column":39}},"9":{"start":{"line":23,"column":4},"end":{"line":23,"column":21}},"10":{"start":{"line":24,"column":4},"end":{"line":24,"column":16}},"11":{"start":{"line":32,"column":4},"end":{"line":32,"column":15}},"12":{"start":{"line":33,"column":4},"end":{"line":33,"column":15}},"13":{"start":{"line":37,"column":4},"end":{"line":37,"column":40}},"14":{"start":{"line":37,"column":27},"end":{"line":37,"column":38}},"15":{"start":{"line":41,"column":17},"end":{"line":41,"column":32}},"16":{"start":{"line":42,"column":4},"end":{"line":44,"column":5}},"17":{"start":{"line":43,"column":8},"end":{"line":43,"column":25}},"18":{"start":{"line":45,"column":4},"end":{"line":45,"column":16}}},"fnMap":{"0":{"name":"getUsers","decl":{"start":{"line":14,"column":16},"end":{"line":14,"column":24}},"loc":{"start":{"line":14,"column":24},"end":{"line":16,"column":1}}},"1":{"name":"createUser","decl":{"start":{"line":21,"column":16},"end":{"line":21,"column":26}},"loc":{"start":{"line":21,"column":39},"end":{"line":25,"column":1}}},"2":{"name":"resetStore","decl":{"start":{"line":31,"column":16},"end":{"line":31,"column":26}},"loc":{"start":{"line":31,"column":26},"end":{"line":34,"column":1}}},"3":{"name":"getUserById","decl":{"start":{"line":36,"column":16},"end":{"line":36,"column":27}},"loc":{"start":{"line":36,"column":38},"end":{"line":38,"column":1}}},"4":{"name":"(anonymous_4)","decl":{"start":{"line":37,"column":22},"end":{"line":37,"column":23}},"loc":{"start":{"line":37,"column":27},"end":{"line":37,"column":38}}},"5":{"name":"updateUserName","decl":{"start":{"line":40,"column":16},"end":{"line":40,"column":30}},"loc":{"start":{"line":40,"column":55},"end":{"line":46,"column":1}}}},"branchMap":{"0":{"loc":{"start":{"line":42,"column":4},"end":{"line":44,"column":5}},"type":"if","locations":[{"start":{"line":42,"column":4},"end":{"line":44,"column":5}}]}},"s":{"0":2,"1":2,"2":2,"3":2,"4":2,"5":2,"6":2,"7":2,"8":15,"9":15,"10":15,"11":10,"12":10,"13":5,"14":9,"15":2,"16":2,"17":1,"18":2},"f":{"0":2,"1":15,"2":10,"3":5,"4":9,"5":2},"b":{"0":[1]}}
}
