TN:
SF:src\server.ts
FN:13,(anonymous_1)
FNF:1
FNH:0
FNDA:0,(anonymous_1)
DA:2,1
DA:3,1
DA:6,1
DA:7,1
DA:8,1
DA:11,1
DA:12,0
DA:13,0
DA:14,0
LF:9
LH:6
BRDA:11,0,0,0
BRF:1
BRH:0
end_of_record
TN:
SF:src\users.ts
FN:13,(anonymous_0)
FN:22,(anonymous_1)
FNF:2
FNH:2
FNDA:2,(anonymous_0)
FNDA:3,(anonymous_1)
DA:3,1
DA:4,1
DA:7,1
DA:13,1
DA:14,2
DA:22,1
DA:23,3
DA:24,3
DA:25,1
DA:26,1
DA:28,2
DA:29,2
DA:32,1
LF:13
LH:13
BRDA:24,0,0,1
BRF:1
BRH:1
end_of_record
TN:
SF:src\usersStore.ts
FN:14,getUsers
FN:21,createUser
FN:31,resetStore
FNF:3
FNH:3
FNDA:2,getUsers
FNDA:2,createUser
FNDA:4,resetStore
DA:8,1
DA:9,1
DA:14,1
DA:15,2
DA:21,1
DA:22,2
DA:23,2
DA:24,2
DA:31,1
DA:32,4
DA:33,4
LF:11
LH:11
BRF:0
BRH:0
end_of_record
