TN:
SF:__tests__\fixtures.ts
FNF:0
FNH:0
DA:4,1
DA:5,1
DA:8,1
LF:3
LH:3
BRF:0
BRH:0
end_of_record
TN:
SF:src\externalApi.ts
FN:3,fetchUserData
FNF:1
FNH:1
FNDA:1,fetchUserData
DA:3,2
DA:6,1
LF:2
LH:2
BRF:0
BRH:0
end_of_record
TN:
SF:src\server.ts
FN:9,startServer
FN:10,(anonymous_2)
FN:16,runIfMain
FNF:3
FNH:3
FNDA:2,startServer
FNDA:1,(anonymous_2)
FNDA:5,runIfMain
DA:1,3
DA:2,3
DA:4,3
DA:5,3
DA:6,3
DA:9,3
DA:10,2
DA:11,1
DA:16,3
DA:17,5
DA:18,1
DA:23,3
LF:12
LH:12
BRDA:9,0,0,1
BRDA:17,1,0,1
BRF:2
BRH:2
end_of_record
TN:
SF:src\users.ts
FN:13,(anonymous_0)
FN:22,(anonymous_1)
FN:33,(anonymous_2)
FN:44,(anonymous_3)
FNF:4
FNH:4
FNDA:2,(anonymous_0)
FNDA:4,(anonymous_1)
FNDA:3,(anonymous_2)
FNDA:3,(anonymous_3)
DA:3,3
DA:4,3
DA:7,3
DA:13,3
DA:14,2
DA:22,3
DA:23,4
DA:24,4
DA:25,1
DA:26,1
DA:28,3
DA:29,3
DA:33,3
DA:34,3
DA:35,3
DA:36,3
DA:37,1
DA:38,1
DA:40,2
DA:44,3
DA:45,3
DA:46,3
DA:47,3
DA:48,1
DA:49,1
DA:51,2
DA:52,2
DA:53,1
DA:54,1
DA:56,1
DA:59,3
LF:31
LH:31
BRDA:24,0,0,1
BRDA:36,1,0,1
BRDA:47,2,0,1
BRDA:52,3,0,1
BRF:4
BRH:4
end_of_record
TN:
SF:src\usersStore.ts
FN:14,getUsers
FN:21,createUser
FN:31,resetStore
FN:36,getUserById
FN:37,(anonymous_4)
FN:40,updateUserName
FNF:6
FNH:6
FNDA:2,getUsers
FNDA:15,createUser
FNDA:10,resetStore
FNDA:5,getUserById
FNDA:9,(anonymous_4)
FNDA:2,updateUserName
DA:8,3
DA:9,3
DA:14,3
DA:15,2
DA:21,3
DA:22,15
DA:23,15
DA:24,15
DA:31,3
DA:32,10
DA:33,10
DA:36,3
DA:37,9
DA:40,3
DA:41,2
DA:42,2
DA:43,1
DA:45,2
LF:18
LH:18
BRDA:42,0,0,1
BRF:1
BRH:1
end_of_record
